11/25/2018 10:12:19 AM	This log contains information about the import schema operation into project 'Database1' on computer 'C1ML21793' by user 'M1039637'.
11/25/2018 10:12:19 AM	Import of database schema has started.
11/25/2018 10:12:28 AM	Gathering database options
11/25/2018 10:12:28 AM	Gathering users
11/25/2018 10:12:28 AM	Gathering roles
11/25/2018 10:12:28 AM	Gathering application roles
11/25/2018 10:12:28 AM	Gathering role memberships
11/25/2018 10:12:28 AM	Gathering filegroups
11/25/2018 10:12:28 AM	Gathering full-text catalogs
11/25/2018 10:12:28 AM	Gathering assemblies
11/25/2018 10:12:28 AM	Gathering certificates
11/25/2018 10:12:28 AM	Gathering asymmetric keys
11/25/2018 10:12:28 AM	Gathering symmetric keys
11/25/2018 10:12:28 AM	Gathering encrypted symmetric keys
11/25/2018 10:12:28 AM	Gathering schemas
11/25/2018 10:12:28 AM	Gathering XML schema collections
11/25/2018 10:12:28 AM	Gathering user-defined data types
11/25/2018 10:12:28 AM	Gathering user-defined types
11/25/2018 10:12:28 AM	Gathering table types
11/25/2018 10:12:28 AM	Gathering unique keys for table types
11/25/2018 10:12:28 AM	Gathering primary keys for table types
11/25/2018 10:12:28 AM	Gathering indexes for table types
11/25/2018 10:12:28 AM	Gathering check constraints for table types
11/25/2018 10:12:28 AM	Gathering default constraints for table types
11/25/2018 10:12:29 AM	Gathering partition functions
11/25/2018 10:12:29 AM	Gathering partition schemes
11/25/2018 10:12:29 AM	Gathering functions
11/25/2018 10:12:29 AM	Gathering encrypted functions
11/25/2018 10:12:29 AM	Gathering aggregates
11/25/2018 10:12:29 AM	Gathering procedures
11/25/2018 10:12:29 AM	Gathering encrypted procedures
11/25/2018 10:12:29 AM	Gathering tables
11/25/2018 10:12:29 AM	Gathering primary keys
11/25/2018 10:12:29 AM	Gathering unique constraints
11/25/2018 10:12:29 AM	Gathering foreign keys
11/25/2018 10:12:29 AM	Gathering default constraints
11/25/2018 10:12:29 AM	Gathering check constraints
11/25/2018 10:12:29 AM	Gathering views
11/25/2018 10:12:29 AM	Gathering encrypted views
11/25/2018 10:12:29 AM	Gathering indexes
11/25/2018 10:12:29 AM	Gathering statistics
11/25/2018 10:12:29 AM	Gathering full-text index stoplists
11/25/2018 10:12:29 AM	Gathering search property lists
11/25/2018 10:12:29 AM	Gathering search properties
11/25/2018 10:12:29 AM	Gathering full-text indexes
11/25/2018 10:12:29 AM	Gathering column store indexes
11/25/2018 10:12:29 AM	Gathering spatial indexes
11/25/2018 10:12:29 AM	Gathering XML indexes
11/25/2018 10:12:29 AM	Gathering Selective XML indexes
11/25/2018 10:12:29 AM	Gathering encrypted triggers
11/25/2018 10:12:29 AM	Gathering triggers
11/25/2018 10:12:29 AM	Gathering encrypted and clr ddl triggers
11/25/2018 10:12:29 AM	Gathering ddl triggers
11/25/2018 10:12:29 AM	Gathering synonyms
11/25/2018 10:12:29 AM	Gathering defaults
11/25/2018 10:12:29 AM	Gathering data constraint uddt bindings
11/25/2018 10:12:29 AM	Gathering rules
11/25/2018 10:12:29 AM	Gathering data constraint uddt bindings
11/25/2018 10:12:29 AM	Gathering message types
11/25/2018 10:12:29 AM	Gathering queues
11/25/2018 10:12:29 AM	Gathering contracts
11/25/2018 10:12:29 AM	Gathering services
11/25/2018 10:12:29 AM	Gathering event notifications
11/25/2018 10:12:29 AM	Gathering remote service bindings
11/25/2018 10:12:29 AM	Gathering broker priorities
11/25/2018 10:12:29 AM	Gathering signatures
11/25/2018 10:12:29 AM	Gathering data compression options
11/25/2018 10:12:29 AM	Gathering sequence types
11/25/2018 10:12:29 AM	Gathering security policies
11/25/2018 10:12:30 AM	Gather column encryption keys
11/25/2018 10:12:30 AM	Gathering column master keys
11/25/2018 10:12:30 AM	Gathering external data sources
11/25/2018 10:12:30 AM	Gathering external file formats
11/25/2018 10:12:30 AM	Gathering external tables
11/25/2018 10:12:30 AM	Gathering extended properties
11/25/2018 10:12:30 AM	Gathering credentials
11/25/2018 10:12:30 AM	Gathering logins
11/25/2018 10:12:30 AM	Gathering server audits
11/25/2018 10:12:31 AM	Scanning project for duplicate elements
11/25/2018 10:12:32 AM	Finished duplicate element processing
11/25/2018 10:12:32 AM	Finished importing database.
11/25/2018 10:12:32 AM	A summary of the import was saved to the following location: C:\Users\M1039637\Documents\Visual Studio 2015\Projects\Database1\Import Schema Logs\Database1_20181125044219.log
11/25/2018 10:12:32 AM	Click Finish to continue...
